SMDC ONE 1.2            
1 38759U 12048B   24297.81557521  .00016564  00000+0  96315-3 0  9993
2 38759  64.6608 322.3769 0135855 345.1368  14.5771 15.04679844 25137
CSSWE                   
1 38761U 12048D   24297.37907138  .00029765  00000+0  14327-2 0  9999
2 38761  64.6681 282.2137 0122372 335.5227  24.0112 15.12215947 24426
CXBN                    
1 38762U 12048E   24297.83117246  .00016932  00000+0  97606-3 0  9998
2 38762  64.6656 326.7820 0136214 341.5813  18.0397 15.04930539 27232
CP5                     
1 38763U 12048F   24297.78007410  .00019854  00000+0  10861-2 0  9997
2 38763  64.6605 311.0834 0130447 342.1233  17.5318 15.07247145 25461
CINEMA                  
1 38764U 12048G   24297.96275411  .00033475  00000+0  15830-2 0  9992
2 38764  64.6593 278.2968 0120250 336.8486  22.7242 15.12974427 25270
RE                      
1 38765U 12048H   24297.39314967  .00013962  00000+0  81779-3 0  9995
2 38765  64.6612 328.6986 0135917 344.4806  15.2161 15.04516456 24327
SMDC ONE 1.1            
1 38766U 12048J   24297.93736217  .00055365  00000+0  17656-2 0  9997
2 38766  64.6479 209.1987 0095158 333.1168  26.5046 15.27826722 27584
AEROCUBE 4.5A           
1 38767U 12048K   24297.34486168  .00039614  00000+0  17058-2 0  9995
2 38767  64.6557 260.3418 0111994 337.0774  22.5371 15.16810213279855
AEROCUBE 4.5B           
1 38768U 12048L   24297.92462544  .00094219  00000+0  19362-2 0  9994
2 38768  64.6480 171.5964 0075485 322.0985  37.4850 15.42394415281144
ATLAS CENTAUR R/B       
1 38770U 12048N   24297.94559633  .00028079  00000+0  98215-3 0  9991
2 38770  64.6466 134.0270 0104784 337.3106  22.3405 15.24296921 25737